2026-01-02 01:15:21: Error [PrismaClientInitializationError]: Prisma Client could not locate the Query Engine for runtime "darwin-arm64".
2026-01-02 01:15:21: 
2026-01-02 01:15:21: This is likely caused by tooling that has not copied "libquery_engine-darwin-arm64.dylib.node" to the deployment folder.
2026-01-02 01:15:21: Ensure that you ran `prisma generate` and that "libquery_engine-darwin-arm64.dylib.node" has been copied to "../../../../../../ROOT/src/generated/prisma".
2026-01-02 01:15:21: 
2026-01-02 01:15:21: We would appreciate if you could take the time to share some information with us.
2026-01-02 01:15:21: Please help us by answering a few questions: https://pris.ly/engine-not-found-tooling-investigation
2026-01-02 01:15:21: 
2026-01-02 01:15:21: The following locations have been searched:
2026-01-02 01:15:21:   /ROOT/src/generated/prisma
2026-01-02 01:15:21:   /Users/syedamim/Code/js/pghandle/pgpoint/src/generated
2026-01-02 01:15:21:   /Users/syedamim/Code/js/pghandle/mypgs/src/generated/prisma
2026-01-02 01:15:21:   /Users/syedamim/Code/js/pghandle/pgpoint/.prisma/client
2026-01-02 01:15:21:   /tmp/prisma-engines
2026-01-02 01:15:21:     at ignore-listed frames {
2026-01-02 01:15:21:   clientVersion: '6.19.1',
2026-01-02 01:15:21:   errorCode: undefined,
2026-01-02 01:15:21:   retryable: undefined
2026-01-02 01:15:21: }
2026-01-02 01:15:21: тип unhandledRejection:  Error [PrismaClientInitializationError]: Prisma Client could not locate the Query Engine for runtime "darwin-arm64".
2026-01-02 01:15:21: 
2026-01-02 01:15:21: This is likely caused by tooling that has not copied "libquery_engine-darwin-arm64.dylib.node" to the deployment folder.
2026-01-02 01:15:21: Ensure that you ran `prisma generate` and that "libquery_engine-darwin-arm64.dylib.node" has been copied to "../../../../../../ROOT/src/generated/prisma".
2026-01-02 01:15:21: 
2026-01-02 01:15:21: We would appreciate if you could take the time to share some information with us.
2026-01-02 01:15:21: Please help us by answering a few questions: https://pris.ly/engine-not-found-tooling-investigation
2026-01-02 01:15:21: 
2026-01-02 01:15:21: The following locations have been searched:
2026-01-02 01:15:21:   /ROOT/src/generated/prisma
2026-01-02 01:15:21:   /Users/syedamim/Code/js/pghandle/pgpoint/src/generated
2026-01-02 01:15:21:   /Users/syedamim/Code/js/pghandle/mypgs/src/generated/prisma
2026-01-02 01:15:21:   /Users/syedamim/Code/js/pghandle/pgpoint/.prisma/client
2026-01-02 01:15:21:   /tmp/prisma-engines
2026-01-02 01:15:21:     at ignore-listed frames {
2026-01-02 01:15:21:   clientVersion: '6.19.1',
2026-01-02 01:15:21:   errorCode: undefined,
2026-01-02 01:15:21:   retryable: undefined
2026-01-02 01:15:21: }
